[debug] [2026-01-09T17:31:10.711Z] ----------------------------------------------------------------------
[debug] [2026-01-09T17:31:10.713Z] Command:       /usr/local/bin/node /Users/tyrelle/.npm/_npx/7750544ccf494d8b/node_modules/.bin/firebase functions:shell
[debug] [2026-01-09T17:31:10.713Z] CLI Version:   15.2.1
[debug] [2026-01-09T17:31:10.713Z] Platform:      darwin
[debug] [2026-01-09T17:31:10.713Z] Node Version:  v22.13.1
[debug] [2026-01-09T17:31:10.713Z] Time:          Fri Jan 09 2026 09:31:10 GMT-0800 (Pacific Standard Time)
[debug] [2026-01-09T17:31:10.713Z] ----------------------------------------------------------------------
[debug] 
[debug] [2026-01-09T17:31:11.310Z] > command requires scopes: ["email","openid","https://www.googleapis.com/auth/cloudplatformprojects.readonly","https://www.googleapis.com/auth/firebase","https://www.googleapis.com/auth/cloud-platform"]
[debug] [2026-01-09T17:31:11.310Z] > authorizing via signed-in user (theragestate@gmail.com)
[debug] [2026-01-09T17:31:11.311Z] [iam] checking project ragestate-app for permissions ["firebase.projects.get"]
[debug] [2026-01-09T17:31:11.311Z] Checked if tokens are valid: true, expires at: 1767983149304
[debug] [2026-01-09T17:31:11.311Z] Checked if tokens are valid: true, expires at: 1767983149304
[debug] [2026-01-09T17:31:11.312Z] >>> [apiv2][query] POST https://cloudresourcemanager.googleapis.com/v1/projects/ragestate-app:testIamPermissions [none]
[debug] [2026-01-09T17:31:11.312Z] >>> [apiv2][(partial)header] POST https://cloudresourcemanager.googleapis.com/v1/projects/ragestate-app:testIamPermissions x-goog-quota-user=projects/ragestate-app
[debug] [2026-01-09T17:31:11.312Z] >>> [apiv2][body] POST https://cloudresourcemanager.googleapis.com/v1/projects/ragestate-app:testIamPermissions {"permissions":["firebase.projects.get"]}
[debug] [2026-01-09T17:31:11.605Z] <<< [apiv2][status] POST https://cloudresourcemanager.googleapis.com/v1/projects/ragestate-app:testIamPermissions 200
[debug] [2026-01-09T17:31:11.605Z] <<< [apiv2][body] POST https://cloudresourcemanager.googleapis.com/v1/projects/ragestate-app:testIamPermissions {"permissions":["firebase.projects.get"]}
[warn] ⚠  functions: Functions Emulator unable to start on port 5000, starting on 5001 instead. {"metadata":{"emulator":{"name":"functions"},"message":"Functions Emulator unable to start on port 5000, starting on 5001 instead."}}
[debug] [2026-01-09T17:31:11.768Z] [functions] Functions Emulator only supports listening on one address (127.0.0.1). Not listening on ::1
[debug] [2026-01-09T17:31:11.772Z] defaultcredentials: writing to file /Users/tyrelle/.config/firebase/theragestate_gmail_com_application_default_credentials.json
[debug] [2026-01-09T17:31:11.773Z] DEBUG: Setting GAC to /Users/tyrelle/.config/firebase/theragestate_gmail_com_application_default_credentials.json
[debug] [2026-01-09T17:31:11.773Z] Checked if tokens are valid: true, expires at: 1767983149304
[debug] [2026-01-09T17:31:11.773Z] Checked if tokens are valid: true, expires at: 1767983149304
[debug] [2026-01-09T17:31:11.773Z] >>> [apiv2][query] GET https://firebase.googleapis.com/v1beta1/projects/ragestate-app/adminSdkConfig [none]
[debug] [2026-01-09T17:31:12.162Z] <<< [apiv2][status] GET https://firebase.googleapis.com/v1beta1/projects/ragestate-app/adminSdkConfig 200
[debug] [2026-01-09T17:31:12.162Z] <<< [apiv2][body] GET https://firebase.googleapis.com/v1beta1/projects/ragestate-app/adminSdkConfig {"projectId":"ragestate-app","databaseURL":"https://ragestate-app-default-rtdb.firebaseio.com","storageBucket":"ragestate-app.appspot.com","locationId":"us-central"}
[debug] [2026-01-09T17:31:12.173Z] [functions] Watching "/Users/tyrelle/Desktop/RS APP 2.0/rs-app/ragestate/functions" for Cloud Functions...
[debug] [2026-01-09T17:31:12.177Z] Validating nodejs source
[warn] ⚠  functions: package.json indicates an outdated version of firebase-functions. Please upgrade using npm install --save firebase-functions@latest in your functions directory. 
[debug] [2026-01-09T17:31:12.664Z] > [functions] package.json contents: {
  "name": "functions",
  "description": "Cloud Functions for Firebase",
  "scripts": {
    "serve": "firebase emulators:start --only functions",
    "shell": "firebase functions:shell",
    "start": "npm run shell",
    "deploy": "firebase deploy --only functions",
    "logs": "firebase functions:log"
  },
  "engines": {
    "node": "20"
  },
  "main": "index.js",
  "dependencies": {
    "@aws-sdk/client-ses": "^3.962.0",
    "cors": "^2.8.5",
    "express": "^4.19.2",
    "ffmpeg-static": "^5.2.0",
    "firebase-admin": "^12.7.0",
    "firebase-functions": "^7.0.2",
    "fluent-ffmpeg": "^2.1.3",
    "resend": "^3.0.0",
    "stripe": "^14.16.0"
  },
  "devDependencies": {
    "firebase-functions-test": "^3.0.0"
  },
  "private": true
}
[debug] [2026-01-09T17:31:12.664Z] Building nodejs source
[debug] [2026-01-09T17:31:12.665Z] Failed to find version of module node: reached end of search path /Users/tyrelle/Desktop/RS APP 2.0/rs-app/ragestate/functions/node_modules
[warn] ⚠  functions: Your requested "node" version "20" doesn't match your global version "22". Using node@22 from host. 
[debug] [2026-01-09T17:31:12.666Z] Could not find functions.yaml. Must use http discovery
[debug] [2026-01-09T17:31:12.674Z] Found firebase-functions binary at '/Users/tyrelle/Desktop/RS APP 2.0/rs-app/ragestate/functions/node_modules/.bin/firebase-functions'
[info] Serving at port 8054

[error] (node:42545) [DEP0040] DeprecationWarning: The `punycode` module is deprecated. Please use a userland alternative instead.
(Use `node --trace-deprecation ...` to show where the warning was created)

[debug] [2026-01-09T17:31:13.657Z] Got response from /__/functions.yaml {"endpoints":{"onPostLikeCreate":{"availableMemoryMb":null,"timeoutSeconds":null,"minInstances":null,"maxInstances":null,"ingressSettings":null,"concurrency":null,"serviceAccountEmail":null,"vpc":null,"platform":"gcfv2","labels":{},"eventTrigger":{"eventType":"google.cloud.firestore.document.v1.created","eventFilters":{"database":"(default)","namespace":"(default)"},"eventFilterPathPatterns":{"document":"postLikes/{likeId}"},"retry":false},"entryPoint":"onPostLikeCreate"},"onPostLikeDelete":{"availableMemoryMb":null,"timeoutSeconds":null,"minInstances":null,"maxInstances":null,"ingressSettings":null,"concurrency":null,"serviceAccountEmail":null,"vpc":null,"platform":"gcfv2","labels":{},"eventTrigger":{"eventType":"google.cloud.firestore.document.v1.deleted","eventFilters":{"database":"(default)","namespace":"(default)"},"eventFilterPathPatterns":{"document":"postLikes/{likeId}"},"retry":false},"entryPoint":"onPostLikeDelete"},"onPostCommentCreate":{"availableMemoryMb":null,"timeoutSeconds":null,"minInstances":null,"maxInstances":null,"ingressSettings":null,"concurrency":null,"serviceAccountEmail":null,"vpc":null,"platform":"gcfv2","labels":{},"eventTrigger":{"eventType":"google.cloud.firestore.document.v1.created","eventFilters":{"database":"(default)","namespace":"(default)"},"eventFilterPathPatterns":{"document":"postComments/{commentId}"},"retry":false},"entryPoint":"onPostCommentCreate"},"onPostCommentDelete":{"availableMemoryMb":null,"timeoutSeconds":null,"minInstances":null,"maxInstances":null,"ingressSettings":null,"concurrency":null,"serviceAccountEmail":null,"vpc":null,"platform":"gcfv2","labels":{},"eventTrigger":{"eventType":"google.cloud.firestore.document.v1.deleted","eventFilters":{"database":"(default)","namespace":"(default)"},"eventFilterPathPatterns":{"document":"postComments/{commentId}"},"retry":false},"entryPoint":"onPostCommentDelete"},"onCommentLikeCreate":{"availableMemoryMb":null,"timeoutSeconds":null,"minInstances":null,"maxInstances":null,"ingressSettings":null,"concurrency":null,"serviceAccountEmail":null,"vpc":null,"platform":"gcfv2","labels":{},"eventTrigger":{"eventType":"google.cloud.firestore.document.v1.created","eventFilters":{"database":"(default)","namespace":"(default)"},"eventFilterPathPatterns":{"document":"postCommentLikes/{likeId}"},"retry":false},"entryPoint":"onCommentLikeCreate"},"onCommentLikeDelete":{"availableMemoryMb":null,"timeoutSeconds":null,"minInstances":null,"maxInstances":null,"ingressSettings":null,"concurrency":null,"serviceAccountEmail":null,"vpc":null,"platform":"gcfv2","labels":{},"eventTrigger":{"eventType":"google.cloud.firestore.document.v1.deleted","eventFilters":{"database":"(default)","namespace":"(default)"},"eventFilterPathPatterns":{"document":"postCommentLikes/{likeId}"},"retry":false},"entryPoint":"onCommentLikeDelete"},"onRepostCreate":{"availableMemoryMb":null,"timeoutSeconds":null,"minInstances":null,"maxInstances":null,"ingressSettings":null,"concurrency":null,"serviceAccountEmail":null,"vpc":null,"platform":"gcfv2","labels":{},"eventTrigger":{"eventType":"google.cloud.firestore.document.v1.created","eventFilters":{"database":"(default)","namespace":"(default)"},"eventFilterPathPatterns":{"document":"postReposts/{repostId}"},"retry":false},"entryPoint":"onRepostCreate"},"onRepostDelete":{"availableMemoryMb":null,"timeoutSeconds":null,"minInstances":null,"maxInstances":null,"ingressSettings":null,"concurrency":null,"serviceAccountEmail":null,"vpc":null,"platform":"gcfv2","labels":{},"eventTrigger":{"eventType":"google.cloud.firestore.document.v1.deleted","eventFilters":{"database":"(default)","namespace":"(default)"},"eventFilterPathPatterns":{"document":"postReposts/{repostId}"},"retry":false},"entryPoint":"onRepostDelete"},"onPostCreated":{"availableMemoryMb":null,"timeoutSeconds":null,"minInstances":null,"maxInstances":null,"ingressSettings":null,"concurrency":null,"serviceAccountEmail":null,"vpc":null,"platform":"gcfv2","labels":{},"eventTrigger":{"eventType":"google.cloud.firestore.document.v1.created","eventFilters":{"database":"(default)","namespace":"(default)"},"eventFilterPathPatterns":{"document":"posts/{postId}"},"retry":false},"entryPoint":"onPostCreated"},"onPostDeleted":{"availableMemoryMb":null,"timeoutSeconds":null,"minInstances":null,"maxInstances":null,"ingressSettings":null,"concurrency":null,"serviceAccountEmail":null,"vpc":null,"platform":"gcfv2","labels":{},"eventTrigger":{"eventType":"google.cloud.firestore.document.v1.deleted","eventFilters":{"database":"(default)","namespace":"(default)"},"eventFilterPathPatterns":{"document":"posts/{postId}"},"retry":false},"entryPoint":"onPostDeleted"},"onPostUpdated":{"availableMemoryMb":null,"timeoutSeconds":null,"minInstances":null,"maxInstances":null,"ingressSettings":null,"concurrency":null,"serviceAccountEmail":null,"vpc":null,"platform":"gcfv2","labels":{},"eventTrigger":{"eventType":"google.cloud.firestore.document.v1.updated","eventFilters":{"database":"(default)","namespace":"(default)"},"eventFilterPathPatterns":{"document":"posts/{postId}"},"retry":false},"entryPoint":"onPostUpdated"},"onFollowCreate":{"availableMemoryMb":null,"timeoutSeconds":null,"minInstances":null,"maxInstances":null,"ingressSettings":null,"concurrency":null,"serviceAccountEmail":null,"vpc":null,"platform":"gcfv2","labels":{},"eventTrigger":{"eventType":"google.cloud.firestore.document.v1.created","eventFilters":{"database":"(default)","namespace":"(default)"},"eventFilterPathPatterns":{"document":"follows/{edgeId}"},"retry":false},"entryPoint":"onFollowCreate"},"onFollowDelete":{"availableMemoryMb":null,"timeoutSeconds":null,"minInstances":null,"maxInstances":null,"ingressSettings":null,"concurrency":null,"serviceAccountEmail":null,"vpc":null,"platform":"gcfv2","labels":{},"eventTrigger":{"eventType":"google.cloud.firestore.document.v1.deleted","eventFilters":{"database":"(default)","namespace":"(default)"},"eventFilterPathPatterns":{"document":"follows/{edgeId}"},"retry":false},"entryPoint":"onFollowDelete"},"scheduledFeedTrim":{"availableMemoryMb":null,"timeoutSeconds":null,"minInstances":null,"maxInstances":null,"ingressSettings":null,"concurrency":null,"serviceAccountEmail":null,"vpc":null,"platform":"gcfv2","labels":{},"scheduleTrigger":{"schedule":"every 60 minutes","retryConfig":{"retryCount":null,"maxDoublings":null,"maxRetrySeconds":null,"minBackoffSeconds":null,"maxBackoffSeconds":null},"timeZone":null},"entryPoint":"scheduledFeedTrim"},"stripePayment":{"availableMemoryMb":null,"timeoutSeconds":null,"minInstances":null,"maxInstances":null,"ingressSettings":null,"concurrency":null,"serviceAccountEmail":null,"vpc":null,"platform":"gcfv2","secretEnvironmentVariables":[{"key":"STRIPE_SECRET"},{"key":"PROXY_KEY"},{"key":"SHOPIFY_ADMIN_ACCESS_TOKEN"},{"key":"SHOPIFY_SHOP_NAME"},{"key":"AWS_ACCESS_KEY_ID"},{"key":"AWS_SECRET_ACCESS_KEY"},{"key":"AWS_SES_REGION"},{"key":"PRINTIFY_API_TOKEN"},{"key":"PRINTIFY_SHOP_ID"},{"key":"PRINTIFY_WEBHOOK_SECRET"}],"labels":{},"httpsTrigger":{"invoker":["public"]},"entryPoint":"stripePayment"},"createStripeCustomer":{"availableMemoryMb":null,"timeoutSeconds":null,"minInstances":null,"maxInstances":null,"ingressSettings":null,"concurrency":null,"serviceAccountEmail":null,"vpc":null,"platform":"gcfv2","secretEnvironmentVariables":[{"key":"STRIPE_SECRET"}],"labels":{},"callableTrigger":{},"entryPoint":"createStripeCustomer"},"reconcileEventUsersDaily":{"availableMemoryMb":null,"timeoutSeconds":null,"minInstances":null,"maxInstances":null,"ingressSettings":null,"concurrency":null,"serviceAccountEmail":null,"vpc":null,"platform":"gcfv2","labels":{},"scheduleTrigger":{"schedule":"every day 03:00","retryConfig":{},"timeZone":"America/Los_Angeles"},"entryPoint":"reconcileEventUsersDaily"},"sendPurchaseEmail":{"availableMemoryMb":null,"timeoutSeconds":null,"minInstances":null,"maxInstances":null,"ingressSettings":null,"concurrency":null,"serviceAccountEmail":null,"vpc":null,"platform":"gcfv2","region":["us-central1"],"secretEnvironmentVariables":[{"key":"AWS_ACCESS_KEY_ID"},{"key":"AWS_SECRET_ACCESS_KEY"},{"key":"AWS_SES_REGION"},{"key":"RESEND_API_KEY"},{"key":"STRIPE_SECRET"},{"key":"EMAIL_PROVIDER"}],"labels":{},"eventTrigger":{"eventType":"google.cloud.firestore.document.v1.written","eventFilters":{"database":"(default)","namespace":"(default)"},"eventFilterPathPatterns":{"document":"fulfillments/{piId}"},"retry":true},"entryPoint":"sendPurchaseEmail"},"onPostLikeCreateNotify":{"availableMemoryMb":null,"timeoutSeconds":null,"minInstances":null,"maxInstances":null,"ingressSettings":null,"concurrency":null,"serviceAccountEmail":null,"vpc":null,"platform":"gcfv2","labels":{},"eventTrigger":{"eventType":"google.cloud.firestore.document.v1.created","eventFilters":{"database":"(default)","namespace":"(default)"},"eventFilterPathPatterns":{"document":"postLikes/{likeId}"},"retry":false},"entryPoint":"onPostLikeCreateNotify"},"onPostCommentCreateNotify":{"availableMemoryMb":null,"timeoutSeconds":null,"minInstances":null,"maxInstances":null,"ingressSettings":null,"concurrency":null,"serviceAccountEmail":null,"vpc":null,"platform":"gcfv2","labels":{},"eventTrigger":{"eventType":"google.cloud.firestore.document.v1.created","eventFilters":{"database":"(default)","namespace":"(default)"},"eventFilterPathPatterns":{"document":"postComments/{commentId}"},"retry":false},"entryPoint":"onPostCommentCreateNotify"},"onPostCreateNotifyMentions":{"availableMemoryMb":null,"timeoutSeconds":null,"minInstances":null,"maxInstances":null,"ingressSettings":null,"concurrency":null,"serviceAccountEmail":null,"vpc":null,"platform":"gcfv2","labels":{},"eventTrigger":{"eventType":"google.cloud.firestore.document.v1.created","eventFilters":{"database":"(default)","namespace":"(default)"},"eventFilterPathPatterns":{"document":"posts/{postId}"},"retry":false},"entryPoint":"onPostCreateNotifyMentions"},"onFollowCreateNotify":{"availableMemoryMb":null,"timeoutSeconds":null,"minInstances":null,"maxInstances":null,"ingressSettings":null,"concurrency":null,"serviceAccountEmail":null,"vpc":null,"platform":"gcfv2","labels":{},"eventTrigger":{"eventType":"google.cloud.firestore.document.v1.created","eventFilters":{"database":"(default)","namespace":"(default)"},"eventFilterPathPatterns":{"document":"follows/{followId}"},"retry":false},"entryPoint":"onFollowCreateNotify"},"onRepostCreateNotify":{"availableMemoryMb":null,"timeoutSeconds":null,"minInstances":null,"maxInstances":null,"ingressSettings":null,"concurrency":null,"serviceAccountEmail":null,"vpc":null,"platform":"gcfv2","labels":{},"eventTrigger":{"eventType":"google.cloud.firestore.document.v1.created","eventFilters":{"database":"(default)","namespace":"(default)"},"eventFilterPathPatterns":{"document":"postReposts/{repostId}"},"retry":false},"entryPoint":"onRepostCreateNotify"},"batchMarkNotificationsRead":{"availableMemoryMb":null,"timeoutSeconds":null,"minInstances":null,"maxInstances":null,"ingressSettings":null,"concurrency":null,"serviceAccountEmail":null,"vpc":null,"platform":"gcfv2","labels":{},"callableTrigger":{},"entryPoint":"batchMarkNotificationsRead"},"onUserNotificationCreatedSendPush":{"availableMemoryMb":null,"timeoutSeconds":null,"minInstances":null,"maxInstances":null,"ingressSettings":null,"concurrency":null,"serviceAccountEmail":null,"vpc":null,"platform":"gcfv2","labels":{},"eventTrigger":{"eventType":"google.cloud.firestore.document.v1.created","eventFilters":{"database":"(default)","namespace":"(default)"},"eventFilterPathPatterns":{"document":"users/{uid}/notifications/{nid}"},"retry":false},"entryPoint":"onUserNotificationCreatedSendPush"},"pruneStaleDevices":{"availableMemoryMb":null,"timeoutSeconds":180,"minInstances":null,"maxInstances":null,"ingressSettings":null,"concurrency":null,"serviceAccountEmail":null,"vpc":null,"platform":"gcfv2","labels":{},"scheduleTrigger":{"schedule":"every 24 hours","retryConfig":{}},"entryPoint":"pruneStaleDevices"},"onNotificationPrefsWrittenSanitize":{"availableMemoryMb":null,"timeoutSeconds":null,"minInstances":null,"maxInstances":null,"ingressSettings":null,"concurrency":null,"serviceAccountEmail":null,"vpc":null,"platform":"gcfv2","labels":{},"eventTrigger":{"eventType":"google.cloud.firestore.document.v1.written","eventFilters":{"database":"(default)","namespace":"(default)"},"eventFilterPathPatterns":{"document":"users/{uid}/settings/notificationPrefs"},"retry":false},"entryPoint":"onNotificationPrefsWrittenSanitize"},"testSendPush":{"availableMemoryMb":null,"timeoutSeconds":null,"minInstances":null,"maxInstances":null,"ingressSettings":null,"concurrency":null,"serviceAccountEmail":null,"vpc":null,"platform":"gcfv2","labels":{},"callableTrigger":{},"entryPoint":"testSendPush"},"onVideoUpload":{"platform":"gcfv2","availableMemoryMb":2048,"timeoutSeconds":540,"minInstances":null,"maxInstances":null,"ingressSettings":null,"concurrency":null,"serviceAccountEmail":null,"vpc":null,"cpu":2,"region":["us-central1"],"labels":{},"eventTrigger":{"eventType":"google.cloud.storage.object.v1.finalized","eventFilters":{"bucket":"ragestate-app.appspot.com"},"retry":false},"entryPoint":"onVideoUpload"},"printifyWebhook":{"availableMemoryMb":null,"timeoutSeconds":null,"minInstances":null,"maxInstances":null,"ingressSettings":null,"concurrency":null,"serviceAccountEmail":null,"vpc":null,"platform":"gcfv2","secretEnvironmentVariables":[{"key":"PRINTIFY_WEBHOOK_SECRET"},{"key":"PRINTIFY_API_TOKEN"},{"key":"PRINTIFY_SHOP_ID"},{"key":"AWS_ACCESS_KEY_ID"},{"key":"AWS_SECRET_ACCESS_KEY"},{"key":"AWS_SES_REGION"}],"labels":{},"httpsTrigger":{"invoker":["public"]},"entryPoint":"printifyWebhook"},"scheduledRateLimitCleanup":{"availableMemoryMb":null,"timeoutSeconds":null,"minInstances":null,"maxInstances":null,"ingressSettings":null,"concurrency":null,"serviceAccountEmail":null,"vpc":null,"platform":"gcfv2","labels":{},"scheduleTrigger":{"schedule":"0 3 * * *","retryConfig":{"retryCount":null,"maxDoublings":null,"maxRetrySeconds":null,"minBackoffSeconds":null,"maxBackoffSeconds":null},"timeZone":null},"entryPoint":"scheduledRateLimitCleanup"},"aggregateDailyMetrics":{"availableMemoryMb":256,"timeoutSeconds":60,"minInstances":null,"maxInstances":null,"ingressSettings":null,"concurrency":null,"serviceAccountEmail":null,"vpc":null,"platform":"gcfv2","labels":{},"scheduleTrigger":{"schedule":"0 2 * * *","retryConfig":{},"timeZone":"UTC"},"entryPoint":"aggregateDailyMetrics"},"backfillCommentsUserData":{"availableMemoryMb":512,"timeoutSeconds":540,"minInstances":null,"maxInstances":null,"ingressSettings":null,"concurrency":null,"serviceAccountEmail":null,"vpc":null,"platform":"gcfv2","labels":{},"callableTrigger":{},"entryPoint":"backfillCommentsUserData"}},"specVersion":"v1alpha1","requiredAPIs":[{"api":"cloudscheduler.googleapis.com","reason":"Needed for scheduled functions."}],"extensions":{},"params":[{"type":"secret","name":"PROXY_KEY"},{"type":"secret","name":"SHOPIFY_ADMIN_ACCESS_TOKEN"},{"type":"secret","name":"SHOPIFY_SHOP_NAME"},{"type":"secret","name":"RESEND_API_KEY"},{"type":"secret","name":"STRIPE_SECRET"},{"type":"secret","name":"EMAIL_PROVIDER"},{"type":"secret","name":"PRINTIFY_WEBHOOK_SECRET"},{"type":"secret","name":"PRINTIFY_API_TOKEN"},{"type":"secret","name":"PRINTIFY_SHOP_ID"},{"type":"secret","name":"AWS_ACCESS_KEY_ID"},{"type":"secret","name":"AWS_SECRET_ACCESS_KEY"},{"type":"secret","name":"AWS_SES_REGION"}]}
[debug] [2026-01-09T17:31:17.750Z] [functions] Loaded functions definitions from source: onPostLikeCreate, onPostLikeDelete, onPostCommentCreate, onPostCommentDelete, onCommentLikeCreate, onCommentLikeDelete, onRepostCreate, onRepostDelete, onPostCreated, onPostDeleted, onPostUpdated, onFollowCreate, onFollowDelete, scheduledFeedTrim, stripePayment, createStripeCustomer, reconcileEventUsersDaily, sendPurchaseEmail, onPostLikeCreateNotify, onPostCommentCreateNotify, onPostCreateNotifyMentions, onFollowCreateNotify, onRepostCreateNotify, batchMarkNotificationsRead, onUserNotificationCreatedSendPush, pruneStaleDevices, onNotificationPrefsWrittenSanitize, testSendPush, onVideoUpload, printifyWebhook, scheduledRateLimitCleanup, aggregateDailyMetrics, backfillCommentsUserData.
[debug] [2026-01-09T17:31:17.751Z] [functions[us-central1-onPostLikeCreate]] function ignored because the firestore emulator does not exist or is not running.
[debug] [2026-01-09T17:31:17.752Z] [functions[us-central1-onPostLikeDelete]] function ignored because the firestore emulator does not exist or is not running.
[debug] [2026-01-09T17:31:17.752Z] [functions[us-central1-onPostCommentCreate]] function ignored because the firestore emulator does not exist or is not running.
[debug] [2026-01-09T17:31:17.752Z] [functions[us-central1-onPostCommentDelete]] function ignored because the firestore emulator does not exist or is not running.
[debug] [2026-01-09T17:31:17.752Z] [functions[us-central1-onCommentLikeCreate]] function ignored because the firestore emulator does not exist or is not running.
[debug] [2026-01-09T17:31:17.752Z] [functions[us-central1-onCommentLikeDelete]] function ignored because the firestore emulator does not exist or is not running.
[debug] [2026-01-09T17:31:17.752Z] [functions[us-central1-onRepostCreate]] function ignored because the firestore emulator does not exist or is not running.
[debug] [2026-01-09T17:31:17.752Z] [functions[us-central1-onRepostDelete]] function ignored because the firestore emulator does not exist or is not running.
[debug] [2026-01-09T17:31:17.752Z] [functions[us-central1-onPostCreated]] function ignored because the firestore emulator does not exist or is not running.
[debug] [2026-01-09T17:31:17.752Z] [functions[us-central1-onPostDeleted]] function ignored because the firestore emulator does not exist or is not running.
[debug] [2026-01-09T17:31:17.752Z] [functions[us-central1-onPostUpdated]] function ignored because the firestore emulator does not exist or is not running.
[debug] [2026-01-09T17:31:17.752Z] [functions[us-central1-onFollowCreate]] function ignored because the firestore emulator does not exist or is not running.
[debug] [2026-01-09T17:31:17.752Z] [functions[us-central1-onFollowDelete]] function ignored because the firestore emulator does not exist or is not running.
[debug] [2026-01-09T17:31:17.753Z] [functions[us-central1-scheduledFeedTrim]] function ignored because the pubsub emulator does not exist or is not running.
[debug] [2026-01-09T17:31:17.753Z] [functions[us-central1-stripePayment]] http function initialized (http://127.0.0.1:5001/ragestate-app/us-central1/stripePayment).
[debug] [2026-01-09T17:31:17.753Z] [functions[us-central1-createStripeCustomer]] http function initialized (http://127.0.0.1:5001/ragestate-app/us-central1/createStripeCustomer).
[debug] [2026-01-09T17:31:17.753Z] [functions[us-central1-reconcileEventUsersDaily]] function ignored because the pubsub emulator does not exist or is not running.
[debug] [2026-01-09T17:31:17.753Z] [functions[us-central1-sendPurchaseEmail]] function ignored because the firestore emulator does not exist or is not running.
[debug] [2026-01-09T17:31:17.753Z] [functions[us-central1-onPostLikeCreateNotify]] function ignored because the firestore emulator does not exist or is not running.
[debug] [2026-01-09T17:31:17.753Z] [functions[us-central1-onPostCommentCreateNotify]] function ignored because the firestore emulator does not exist or is not running.
[debug] [2026-01-09T17:31:17.753Z] [functions[us-central1-onPostCreateNotifyMentions]] function ignored because the firestore emulator does not exist or is not running.
[debug] [2026-01-09T17:31:17.753Z] [functions[us-central1-onFollowCreateNotify]] function ignored because the firestore emulator does not exist or is not running.
[debug] [2026-01-09T17:31:17.753Z] [functions[us-central1-onRepostCreateNotify]] function ignored because the firestore emulator does not exist or is not running.
[debug] [2026-01-09T17:31:17.753Z] [functions[us-central1-batchMarkNotificationsRead]] http function initialized (http://127.0.0.1:5001/ragestate-app/us-central1/batchMarkNotificationsRead).
[debug] [2026-01-09T17:31:17.753Z] [functions[us-central1-onUserNotificationCreatedSendPush]] function ignored because the firestore emulator does not exist or is not running.
[debug] [2026-01-09T17:31:17.753Z] [functions[us-central1-pruneStaleDevices]] function ignored because the pubsub emulator does not exist or is not running.
[debug] [2026-01-09T17:31:17.753Z] [functions[us-central1-onNotificationPrefsWrittenSanitize]] function ignored because the firestore emulator does not exist or is not running.
[debug] [2026-01-09T17:31:17.753Z] [functions[us-central1-testSendPush]] http function initialized (http://127.0.0.1:5001/ragestate-app/us-central1/testSendPush).
[debug] [2026-01-09T17:31:17.753Z] addStorageTrigger {"eventTrigger":{"eventType":"google.cloud.storage.object.v1.finalized","resource":"ragestate-app.appspot.com","eventFilters":{"bucket":"ragestate-app.appspot.com"}}}
[debug] [2026-01-09T17:31:17.753Z] [functions[us-central1-onVideoUpload]] storage function initialized.
[debug] [2026-01-09T17:31:17.753Z] [functions[us-central1-printifyWebhook]] http function initialized (http://127.0.0.1:5001/ragestate-app/us-central1/printifyWebhook).
[debug] [2026-01-09T17:31:17.753Z] [functions[us-central1-scheduledRateLimitCleanup]] function ignored because the pubsub emulator does not exist or is not running.
[debug] [2026-01-09T17:31:17.753Z] [functions[us-central1-aggregateDailyMetrics]] function ignored because the pubsub emulator does not exist or is not running.
[debug] [2026-01-09T17:31:17.754Z] [functions[us-central1-backfillCommentsUserData]] http function initialized (http://127.0.0.1:5001/ragestate-app/us-central1/backfillCommentsUserData).
[info] i  functions: Loaded functions: onPostLikeCreate, onPostLikeDelete, onPostCommentCreate, onPostCommentDelete, onCommentLikeCreate, onCommentLikeDelete, onRepostCreate, onRepostDelete, onPostCreated, onPostDeleted, onPostUpdated, onFollowCreate, onFollowDelete, scheduledFeedTrim, stripePayment, createStripeCustomer, reconcileEventUsersDaily, sendPurchaseEmail, onPostLikeCreateNotify, onPostCommentCreateNotify, onPostCreateNotifyMentions, onFollowCreateNotify, onRepostCreateNotify, batchMarkNotificationsRead, onUserNotificationCreatedSendPush, pruneStaleDevices, onNotificationPrefsWrittenSanitize, testSendPush, onVideoUpload, printifyWebhook, scheduledRateLimitCleanup, aggregateDailyMetrics, backfillCommentsUserData 
[warn] ⚠  functions: The following emulators are not running, calls to these services will affect production: firestore, database, pubsub, storage, eventarc, tasks 
